<?xml version="1.0" encoding="UTF-8"?>
<coverage generated="1735525672826" clover="3.2.0">
  <project timestamp="1735525672826" name="All files">
    <metrics statements="12" coveredstatements="3" conditionals="2" coveredconditionals="0" methods="2" coveredmethods="1" elements="16" coveredelements="4" complexity="0" loc="12" ncloc="12" packages="1" files="1" classes="1"/>
    <file name="authenticateJWT.ts" path="C:\Users\Gonza\Desktop\task-management-api este funciona opor ahora\src\middleware\authenticateJWT.ts">
      <metrics statements="12" coveredstatements="3" conditionals="2" coveredconditionals="0" methods="2" coveredmethods="1"/>
      <line num="3" count="1" type="stmt"/>
      <line num="9" count="1" type="stmt"/>
      <line num="10" count="2" type="stmt"/>
      <line num="11" count="0" type="cond" truecount="0" falsecount="1"/>
      <line num="12" count="0" type="stmt"/>
      <line num="13" count="0" type="stmt"/>
      <line num="16" count="0" type="stmt"/>
      <line num="17" count="0" type="cond" truecount="0" falsecount="1"/>
      <line num="18" count="0" type="stmt"/>
      <line num="19" count="0" type="stmt"/>
      <line num="21" count="0" type="stmt"/>
      <line num="22" count="0" type="stmt"/>
    </file>
  </project>
</coverage>
