{"C:\\Users\\Gonza\\Desktop\\task-management-api este funciona opor ahora\\src\\middleware\\authenticateJWT.ts": {"path":"C:\\Users\\Gonza\\Desktop\\task-management-api este funciona opor ahora\\src\\middleware\\authenticateJWT.ts","statementMap":{"0":{"start":{"line":3,"column":0},"end":{"line":3,"column":31}},"1":{"start":{"line":9,"column":31},"end":{"line":24,"column":1}},"2":{"start":{"line":10,"column":16},"end":{"line":10,"column":67}},"3":{"start":{"line":11,"column":2},"end":{"line":14,"column":null}},"4":{"start":{"line":12,"column":4},"end":{"line":12,"column":44}},"5":{"start":{"line":13,"column":4},"end":{"line":13,"column":11}},"6":{"start":{"line":16,"column":2},"end":{"line":23,"column":5}},"7":{"start":{"line":17,"column":4},"end":{"line":20,"column":null}},"8":{"start":{"line":18,"column":6},"end":{"line":18,"column":46}},"9":{"start":{"line":19,"column":6},"end":{"line":19,"column":13}},"10":{"start":{"line":21,"column":4},"end":{"line":21,"column":20}},"11":{"start":{"line":22,"column":4},"end":{"line":22,"column":11}},"12":{"start":{"line":9,"column":13},"end":{"line":9,"column":31}}},"fnMap":{"0":{"name":"(anonymous_1)","decl":{"start":{"line":9,"column":31},"end":{"line":9,"column":32}},"loc":{"start":{"line":9,"column":95},"end":{"line":24,"column":1}}},"1":{"name":"(anonymous_2)","decl":{"start":{"line":16,"column":45},"end":{"line":16,"column":46}},"loc":{"start":{"line":16,"column":69},"end":{"line":23,"column":3}}}},"branchMap":{"0":{"loc":{"start":{"line":11,"column":2},"end":{"line":14,"column":null}},"type":"if","locations":[{"start":{"line":11,"column":2},"end":{"line":14,"column":null}}]},"1":{"loc":{"start":{"line":17,"column":4},"end":{"line":20,"column":null}},"type":"if","locations":[{"start":{"line":17,"column":4},"end":{"line":20,"column":null}}]}},"s":{"0":1,"1":1,"2":2,"3":0,"4":0,"5":0,"6":0,"7":0,"8":0,"9":0,"10":0,"11":0,"12":1},"f":{"0":2,"1":0},"b":{"0":[0],"1":[0]}}
}
